{"D:\\do_an_tot_nghiep\\frontend\\mini-erp\\src\\components\\ui\\button.tsx": {"path":"D:\\do_an_tot_nghiep\\frontend\\mini-erp\\src\\components\\ui\\button.tsx","statementMap":{"0":{"start":{"line":7,"column":6},"end":{"line":38,"column":null}},"1":{"start":{"line":51,"column":15},"end":{"line":51,"column":null}},"2":{"start":{"line":53,"column":2},"end":{"line":60,"column":null}}},"fnMap":{"0":{"name":"Button","decl":{"start":{"line":41,"column":9},"end":{"line":41,"column":16}},"loc":{"start":{"line":50,"column":5},"end":{"line":60,"column":null}},"line":50}},"branchMap":{"0":{"loc":{"start":{"line":43,"column":2},"end":{"line":43,"column":null}},"type":"default-arg","locations":[{"start":{"line":43,"column":12},"end":{"line":43,"column":null}}],"line":43},"1":{"loc":{"start":{"line":44,"column":2},"end":{"line":44,"column":null}},"type":"default-arg","locations":[{"start":{"line":44,"column":9},"end":{"line":44,"column":null}}],"line":44},"2":{"loc":{"start":{"line":45,"column":2},"end":{"line":45,"column":null}},"type":"default-arg","locations":[{"start":{"line":45,"column":12},"end":{"line":45,"column":null}}],"line":45},"3":{"loc":{"start":{"line":51,"column":15},"end":{"line":51,"column":null}},"type":"cond-expr","locations":[{"start":{"line":51,"column":25},"end":{"line":51,"column":37}},{"start":{"line":51,"column":37},"end":{"line":51,"column":null}}],"line":51}},"s":{"0":1,"1":20,"2":20},"f":{"0":20},"b":{"0":[20],"1":[20],"2":[20],"3":[0,20]},"meta":{"lastBranch":4,"lastFunction":1,"lastStatement":3,"seen":{"s:7:6:38:Infinity":0,"f:41:9:41:16":0,"b:43:12:43:Infinity":0,"b:44:9:44:Infinity":1,"b:45:12:45:Infinity":2,"s:51:15:51:Infinity":1,"b:51:25:51:37:51:37:51:Infinity":3,"s:53:2:60:Infinity":2}}}
,"D:\\do_an_tot_nghiep\\frontend\\mini-erp\\src\\components\\ui\\dialog.tsx": {"path":"D:\\do_an_tot_nghiep\\frontend\\mini-erp\\src\\components\\ui\\dialog.tsx","statementMap":{"0":{"start":{"line":1,"column":0},"end":{"line":1,"column":null}},"1":{"start":{"line":13,"column":2},"end":{"line":13,"column":null}},"2":{"start":{"line":19,"column":2},"end":{"line":19,"column":null}},"3":{"start":{"line":25,"column":2},"end":{"line":25,"column":null}},"4":{"start":{"line":31,"column":2},"end":{"line":31,"column":null}},"5":{"start":{"line":38,"column":2},"end":{"line":46,"column":null}},"6":{"start":{"line":58,"column":2},"end":{"line":76,"column":null}},"7":{"start":{"line":85,"column":2},"end":{"line":90,"column":null}},"8":{"start":{"line":102,"column":2},"end":{"line":115,"column":null}},"9":{"start":{"line":125,"column":2},"end":{"line":130,"column":null}},"10":{"start":{"line":138,"column":2},"end":{"line":143,"column":null}}},"fnMap":{"0":{"name":"Dialog","decl":{"start":{"line":10,"column":9},"end":{"line":10,"column":16}},"loc":{"start":{"line":12,"column":54},"end":{"line":13,"column":null}},"line":12},"1":{"name":"DialogTrigger","decl":{"start":{"line":16,"column":9},"end":{"line":16,"column":23}},"loc":{"start":{"line":18,"column":57},"end":{"line":19,"column":null}},"line":18},"2":{"name":"DialogPortal","decl":{"start":{"line":22,"column":9},"end":{"line":22,"column":22}},"loc":{"start":{"line":24,"column":56},"end":{"line":25,"column":null}},"line":24},"3":{"name":"DialogClose","decl":{"start":{"line":28,"column":9},"end":{"line":28,"column":21}},"loc":{"start":{"line":30,"column":55},"end":{"line":31,"column":null}},"line":30},"4":{"name":"DialogOverlay","decl":{"start":{"line":34,"column":9},"end":{"line":34,"column":23}},"loc":{"start":{"line":37,"column":57},"end":{"line":46,"column":null}},"line":37},"5":{"name":"DialogContent","decl":{"start":{"line":50,"column":9},"end":{"line":50,"column":23}},"loc":{"start":{"line":57,"column":3},"end":{"line":76,"column":null}},"line":57},"6":{"name":"DialogHeader","decl":{"start":{"line":84,"column":9},"end":{"line":84,"column":22}},"loc":{"start":{"line":84,"column":76},"end":{"line":90,"column":null}},"line":84},"7":{"name":"DialogFooter","decl":{"start":{"line":94,"column":9},"end":{"line":94,"column":22}},"loc":{"start":{"line":101,"column":3},"end":{"line":115,"column":null}},"line":101},"8":{"name":"DialogTitle","decl":{"start":{"line":121,"column":9},"end":{"line":121,"column":21}},"loc":{"start":{"line":124,"column":55},"end":{"line":130,"column":null}},"line":124},"9":{"name":"DialogDescription","decl":{"start":{"line":134,"column":9},"end":{"line":134,"column":27}},"loc":{"start":{"line":137,"column":61},"end":{"line":143,"column":null}},"line":137}},"branchMap":{"0":{"loc":{"start":{"line":53,"column":2},"end":{"line":53,"column":null}},"type":"default-arg","locations":[{"start":{"line":53,"column":20},"end":{"line":53,"column":null}}],"line":53},"1":{"loc":{"start":{"line":70,"column":9},"end":{"line":76,"column":null}},"type":"binary-expr","locations":[{"start":{"line":70,"column":9},"end":{"line":70,"column":null}},{"start":{"line":71,"column":10},"end":{"line":76,"column":null}}],"line":70},"2":{"loc":{"start":{"line":96,"column":2},"end":{"line":96,"column":null}},"type":"default-arg","locations":[{"start":{"line":96,"column":20},"end":{"line":96,"column":null}}],"line":96},"3":{"loc":{"start":{"line":112,"column":7},"end":{"line":115,"column":null}},"type":"binary-expr","locations":[{"start":{"line":112,"column":7},"end":{"line":112,"column":null}},{"start":{"line":113,"column":8},"end":{"line":115,"column":null}}],"line":112}},"s":{"0":1,"1":13,"2":0,"3":13,"4":0,"5":13,"6":13,"7":10,"8":10,"9":10,"10":10},"f":{"0":13,"1":0,"2":13,"3":0,"4":13,"5":13,"6":10,"7":10,"8":10,"9":10},"b":{"0":[13],"1":[13,13],"2":[10],"3":[10,0]},"meta":{"lastBranch":4,"lastFunction":10,"lastStatement":11,"seen":{"s:1:0:1:Infinity":0,"f:10:9:10:16":0,"s:13:2:13:Infinity":1,"f:16:9:16:23":1,"s:19:2:19:Infinity":2,"f:22:9:22:22":2,"s:25:2:25:Infinity":3,"f:28:9:28:21":3,"s:31:2:31:Infinity":4,"f:34:9:34:23":4,"s:38:2:46:Infinity":5,"f:50:9:50:23":5,"b:53:20:53:Infinity":0,"s:58:2:76:Infinity":6,"b:70:9:70:Infinity:71:10:76:Infinity":1,"f:84:9:84:22":6,"s:85:2:90:Infinity":7,"f:94:9:94:22":7,"b:96:20:96:Infinity":2,"s:102:2:115:Infinity":8,"b:112:7:112:Infinity:113:8:115:Infinity":3,"f:121:9:121:21":8,"s:125:2:130:Infinity":9,"f:134:9:134:27":9,"s:138:2:143:Infinity":10}}}
,"D:\\do_an_tot_nghiep\\frontend\\mini-erp\\src\\components\\ui\\input.tsx": {"path":"D:\\do_an_tot_nghiep\\frontend\\mini-erp\\src\\components\\ui\\input.tsx","statementMap":{"0":{"start":{"line":6,"column":2},"end":{"line":17,"column":null}}},"fnMap":{"0":{"name":"Input","decl":{"start":{"line":5,"column":9},"end":{"line":5,"column":15}},"loc":{"start":{"line":5,"column":77},"end":{"line":17,"column":null}},"line":5}},"branchMap":{},"s":{"0":70},"f":{"0":70},"b":{},"meta":{"lastBranch":0,"lastFunction":1,"lastStatement":1,"seen":{"f:5:9:5:15":0,"s:6:2:17:Infinity":0}}}
,"D:\\do_an_tot_nghiep\\frontend\\mini-erp\\src\\components\\ui\\table.tsx": {"path":"D:\\do_an_tot_nghiep\\frontend\\mini-erp\\src\\components\\ui\\table.tsx","statementMap":{"0":{"start":{"line":1,"column":0},"end":{"line":1,"column":null}},"1":{"start":{"line":8,"column":2},"end":{"line":18,"column":null}},"2":{"start":{"line":23,"column":2},"end":{"line":28,"column":null}},"3":{"start":{"line":33,"column":2},"end":{"line":38,"column":null}},"4":{"start":{"line":43,"column":2},"end":{"line":51,"column":null}},"5":{"start":{"line":56,"column":2},"end":{"line":64,"column":null}},"6":{"start":{"line":69,"column":2},"end":{"line":77,"column":null}},"7":{"start":{"line":82,"column":2},"end":{"line":90,"column":null}},"8":{"start":{"line":98,"column":2},"end":{"line":103,"column":null}}},"fnMap":{"0":{"name":"Table","decl":{"start":{"line":7,"column":9},"end":{"line":7,"column":15}},"loc":{"start":{"line":7,"column":71},"end":{"line":18,"column":null}},"line":7},"1":{"name":"TableHeader","decl":{"start":{"line":22,"column":9},"end":{"line":22,"column":21}},"loc":{"start":{"line":22,"column":77},"end":{"line":28,"column":null}},"line":22},"2":{"name":"TableBody","decl":{"start":{"line":32,"column":9},"end":{"line":32,"column":19}},"loc":{"start":{"line":32,"column":75},"end":{"line":38,"column":null}},"line":32},"3":{"name":"TableFooter","decl":{"start":{"line":42,"column":9},"end":{"line":42,"column":21}},"loc":{"start":{"line":42,"column":77},"end":{"line":51,"column":null}},"line":42},"4":{"name":"TableRow","decl":{"start":{"line":55,"column":9},"end":{"line":55,"column":18}},"loc":{"start":{"line":55,"column":71},"end":{"line":64,"column":null}},"line":55},"5":{"name":"TableHead","decl":{"start":{"line":68,"column":9},"end":{"line":68,"column":19}},"loc":{"start":{"line":68,"column":72},"end":{"line":77,"column":null}},"line":68},"6":{"name":"TableCell","decl":{"start":{"line":81,"column":9},"end":{"line":81,"column":19}},"loc":{"start":{"line":81,"column":72},"end":{"line":90,"column":null}},"line":81},"7":{"name":"TableCaption","decl":{"start":{"line":94,"column":9},"end":{"line":94,"column":22}},"loc":{"start":{"line":97,"column":36},"end":{"line":103,"column":null}},"line":97}},"branchMap":{},"s":{"0":1,"1":10,"2":10,"3":10,"4":0,"5":20,"6":80,"7":80,"8":0},"f":{"0":10,"1":10,"2":10,"3":0,"4":20,"5":80,"6":80,"7":0},"b":{},"meta":{"lastBranch":0,"lastFunction":8,"lastStatement":9,"seen":{"s:1:0:1:Infinity":0,"f:7:9:7:15":0,"s:8:2:18:Infinity":1,"f:22:9:22:21":1,"s:23:2:28:Infinity":2,"f:32:9:32:19":2,"s:33:2:38:Infinity":3,"f:42:9:42:21":3,"s:43:2:51:Infinity":4,"f:55:9:55:18":4,"s:56:2:64:Infinity":5,"f:68:9:68:19":5,"s:69:2:77:Infinity":6,"f:81:9:81:19":6,"s:82:2:90:Infinity":7,"f:94:9:94:22":7,"s:98:2:103:Infinity":8}}}
,"D:\\do_an_tot_nghiep\\frontend\\mini-erp\\src\\features\\inventory\\components\\StockEditDialog.tsx": {"path":"D:\\do_an_tot_nghiep\\frontend\\mini-erp\\src\\features\\inventory\\components\\StockEditDialog.tsx","statementMap":{"0":{"start":{"line":24,"column":22},"end":{"line":24,"column":69}},"1":{"start":{"line":26,"column":2},"end":{"line":31,"column":null}},"2":{"start":{"line":27,"column":4},"end":{"line":29,"column":null}},"3":{"start":{"line":29,"column":6},"end":{"line":29,"column":null}},"4":{"start":{"line":29,"column":40},"end":{"line":29,"column":51}},"5":{"start":{"line":33,"column":8},"end":{"line":36,"column":null}},"6":{"start":{"line":34,"column":4},"end":{"line":36,"column":null}},"7":{"start":{"line":34,"column":27},"end":{"line":35,"column":null}},"8":{"start":{"line":35,"column":6},"end":{"line":35,"column":null}},"9":{"start":{"line":39,"column":2},"end":{"line":167,"column":null}},"10":{"start":{"line":40,"column":50},"end":{"line":40,"column":68}},"11":{"start":{"line":71,"column":16},"end":{"line":151,"column":null}},"12":{"start":{"line":87,"column":41},"end":{"line":87,"column":95}},"13":{"start":{"line":94,"column":41},"end":{"line":94,"column":91}},"14":{"start":{"line":107,"column":39},"end":{"line":107,"column":106}},"15":{"start":{"line":116,"column":39},"end":{"line":116,"column":88}},"16":{"start":{"line":127,"column":39},"end":{"line":127,"column":104}},"17":{"start":{"line":136,"column":39},"end":{"line":136,"column":91}},"18":{"start":{"line":147,"column":39},"end":{"line":147,"column":90}},"19":{"start":{"line":160,"column":27},"end":{"line":160,"column":49}}},"fnMap":{"0":{"name":"StockEditDialog","decl":{"start":{"line":23,"column":16},"end":{"line":23,"column":32}},"loc":{"start":{"line":23,"column":93},"end":{"line":167,"column":null}},"line":23},"1":{"name":"(anonymous_1)","decl":{"start":{"line":26,"column":2},"end":{"line":26,"column":18}},"loc":{"start":{"line":26,"column":18},"end":{"line":31,"column":6}},"line":26},"2":{"name":"(anonymous_2)","decl":{"start":{"line":29,"column":27},"end":{"line":29,"column":31}},"loc":{"start":{"line":29,"column":40},"end":{"line":29,"column":51}},"line":29},"3":{"name":"(anonymous_3)","decl":{"start":{"line":33,"column":8},"end":{"line":33,"column":24}},"loc":{"start":{"line":33,"column":79},"end":{"line":36,"column":null}},"line":33},"4":{"name":"(anonymous_4)","decl":{"start":{"line":34,"column":4},"end":{"line":34,"column":19}},"loc":{"start":{"line":34,"column":27},"end":{"line":35,"column":null}},"line":34},"5":{"name":"(anonymous_5)","decl":{"start":{"line":34,"column":32},"end":{"line":34,"column":36}},"loc":{"start":{"line":35,"column":6},"end":{"line":35,"column":null}},"line":35},"6":{"name":"(anonymous_6)","decl":{"start":{"line":40,"column":26},"end":{"line":40,"column":41}},"loc":{"start":{"line":40,"column":50},"end":{"line":40,"column":68}},"line":40},"7":{"name":"(anonymous_7)","decl":{"start":{"line":70,"column":27},"end":{"line":70,"column":31}},"loc":{"start":{"line":71,"column":16},"end":{"line":151,"column":null}},"line":71},"8":{"name":"(anonymous_8)","decl":{"start":{"line":87,"column":24},"end":{"line":87,"column":35}},"loc":{"start":{"line":87,"column":41},"end":{"line":87,"column":95}},"line":87},"9":{"name":"(anonymous_9)","decl":{"start":{"line":94,"column":24},"end":{"line":94,"column":35}},"loc":{"start":{"line":94,"column":41},"end":{"line":94,"column":91}},"line":94},"10":{"name":"(anonymous_10)","decl":{"start":{"line":107,"column":22},"end":{"line":107,"column":33}},"loc":{"start":{"line":107,"column":39},"end":{"line":107,"column":106}},"line":107},"11":{"name":"(anonymous_11)","decl":{"start":{"line":116,"column":22},"end":{"line":116,"column":33}},"loc":{"start":{"line":116,"column":39},"end":{"line":116,"column":88}},"line":116},"12":{"name":"(anonymous_12)","decl":{"start":{"line":127,"column":22},"end":{"line":127,"column":33}},"loc":{"start":{"line":127,"column":39},"end":{"line":127,"column":104}},"line":127},"13":{"name":"(anonymous_13)","decl":{"start":{"line":136,"column":22},"end":{"line":136,"column":33}},"loc":{"start":{"line":136,"column":39},"end":{"line":136,"column":91}},"line":136},"14":{"name":"(anonymous_14)","decl":{"start":{"line":147,"column":22},"end":{"line":147,"column":33}},"loc":{"start":{"line":147,"column":39},"end":{"line":147,"column":90}},"line":147},"15":{"name":"(anonymous_15)","decl":{"start":{"line":160,"column":12},"end":{"line":160,"column":27}},"loc":{"start":{"line":160,"column":27},"end":{"line":160,"column":49}},"line":160}},"branchMap":{"0":{"loc":{"start":{"line":27,"column":4},"end":{"line":29,"column":null}},"type":"if","locations":[{"start":{"line":27,"column":4},"end":{"line":29,"column":null}},{"start":{},"end":{}}],"line":27},"1":{"loc":{"start":{"line":35,"column":6},"end":{"line":35,"column":null}},"type":"cond-expr","locations":[{"start":{"line":35,"column":23},"end":{"line":35,"column":53}},{"start":{"line":35,"column":53},"end":{"line":35,"column":null}}],"line":35},"2":{"loc":{"start":{"line":40,"column":50},"end":{"line":40,"column":68}},"type":"binary-expr","locations":[{"start":{"line":40,"column":50},"end":{"line":40,"column":59}},{"start":{"line":40,"column":59},"end":{"line":40,"column":68}}],"line":40},"3":{"loc":{"start":{"line":107,"column":76},"end":{"line":107,"column":106}},"type":"binary-expr","locations":[{"start":{"line":107,"column":76},"end":{"line":107,"column":100}},{"start":{"line":107,"column":104},"end":{"line":107,"column":106}}],"line":107},"4":{"loc":{"start":{"line":127,"column":74},"end":{"line":127,"column":104}},"type":"binary-expr","locations":[{"start":{"line":127,"column":74},"end":{"line":127,"column":98}},{"start":{"line":127,"column":102},"end":{"line":127,"column":104}}],"line":127},"5":{"loc":{"start":{"line":135,"column":29},"end":{"line":135,"column":null}},"type":"binary-expr","locations":[{"start":{"line":135,"column":29},"end":{"line":135,"column":49}},{"start":{"line":135,"column":49},"end":{"line":135,"column":null}}],"line":135},"6":{"loc":{"start":{"line":146,"column":29},"end":{"line":146,"column":null}},"type":"cond-expr","locations":[{"start":{"line":146,"column":47},"end":{"line":146,"column":79}},{"start":{"line":146,"column":79},"end":{"line":146,"column":null}}],"line":146}},"s":{"0":13,"1":13,"2":3,"3":3,"4":3,"5":13,"6":7,"7":7,"8":7,"9":13,"10":0,"11":10,"12":1,"13":1,"14":1,"15":1,"16":1,"17":1,"18":1,"19":1},"f":{"0":13,"1":3,"2":3,"3":7,"4":7,"5":7,"6":0,"7":10,"8":1,"9":1,"10":1,"11":1,"12":1,"13":1,"14":1,"15":1},"b":{"0":[3,0],"1":[7,0],"2":[0,0],"3":[1,0],"4":[1,0],"5":[10,0],"6":[10,0]},"meta":{"lastBranch":7,"lastFunction":16,"lastStatement":20,"seen":{"f:23:16:23:32":0,"s:24:22:24:69":0,"s:26:2:31:Infinity":1,"f:26:2:26:18":1,"b:27:4:29:Infinity:undefined:undefined:undefined:undefined":0,"s:27:4:29:Infinity":2,"s:29:6:29:Infinity":3,"f:29:27:29:31":2,"s:29:40:29:51":4,"s:33:8:36:Infinity":5,"f:33:8:33:24":3,"s:34:4:36:Infinity":6,"f:34:4:34:19":4,"s:34:27:35:Infinity":7,"f:34:32:34:36":5,"s:35:6:35:Infinity":8,"b:35:23:35:53:35:53:35:Infinity":1,"s:39:2:167:Infinity":9,"f:40:26:40:41":6,"s:40:50:40:68":10,"b:40:50:40:59:40:59:40:68":2,"f:70:27:70:31":7,"s:71:16:151:Infinity":11,"f:87:24:87:35":8,"s:87:41:87:95":12,"f:94:24:94:35":9,"s:94:41:94:91":13,"f:107:22:107:33":10,"s:107:39:107:106":14,"b:107:76:107:100:107:104:107:106":3,"f:116:22:116:33":11,"s:116:39:116:88":15,"f:127:22:127:33":12,"s:127:39:127:104":16,"b:127:74:127:98:127:102:127:104":4,"b:135:29:135:49:135:49:135:Infinity":5,"f:136:22:136:33":13,"s:136:39:136:91":17,"b:146:47:146:79:146:79:146:Infinity":6,"f:147:22:147:33":14,"s:147:39:147:90":18,"f:160:12:160:27":15,"s:160:27:160:49":19}}}
,"D:\\do_an_tot_nghiep\\frontend\\mini-erp\\src\\lib\\utils.ts": {"path":"D:\\do_an_tot_nghiep\\frontend\\mini-erp\\src\\lib\\utils.ts","statementMap":{"0":{"start":{"line":5,"column":2},"end":{"line":5,"column":null}}},"fnMap":{"0":{"name":"cn","decl":{"start":{"line":4,"column":16},"end":{"line":4,"column":19}},"loc":{"start":{"line":4,"column":44},"end":{"line":5,"column":null}},"line":4}},"branchMap":{},"s":{"0":366},"f":{"0":366},"b":{},"meta":{"lastBranch":0,"lastFunction":1,"lastStatement":1,"seen":{"f:4:16:4:19":0,"s:5:2:5:Infinity":0}}}
}
